[debug] [2022-08-01T15:45:41.461Z] ----------------------------------------------------------------------
[debug] [2022-08-01T15:45:41.463Z] Command:       /Users/yudai/.nodenv/versions/16.13.2/bin/node /Users/yudai/.nodenv/versions/16.13.2/bin/firebase deploy
[debug] [2022-08-01T15:45:41.464Z] CLI Version:   11.4.0
[debug] [2022-08-01T15:45:41.464Z] Platform:      darwin
[debug] [2022-08-01T15:45:41.464Z] Node Version:  v16.13.2
[debug] [2022-08-01T15:45:41.466Z] Time:          Tue Aug 02 2022 00:45:41 GMT+0900 (日本標準時)
[debug] [2022-08-01T15:45:41.466Z] ----------------------------------------------------------------------
[debug] 
[debug] [2022-08-01T15:45:41.542Z] > command requires scopes: ["email","openid","https://www.googleapis.com/auth/cloudplatformprojects.readonly","https://www.googleapis.com/auth/firebase","https://www.googleapis.com/auth/cloud-platform"]
[debug] [2022-08-01T15:45:41.543Z] > authorizing via signed-in user (yudai14142@gmail.com)
[debug] [2022-08-01T15:45:41.543Z] [iam] checking project syudai-netflix-clone for permissions ["firebase.projects.get","firebasehosting.sites.update"]
[debug] [2022-08-01T15:45:41.546Z] >>> [apiv2][query] POST https://cloudresourcemanager.googleapis.com/v1/projects/syudai-netflix-clone:testIamPermissions [none]
[debug] [2022-08-01T15:45:41.546Z] >>> [apiv2][(partial)header] POST https://cloudresourcemanager.googleapis.com/v1/projects/syudai-netflix-clone:testIamPermissions x-goog-quota-user=projects/syudai-netflix-clone
[debug] [2022-08-01T15:45:41.547Z] >>> [apiv2][body] POST https://cloudresourcemanager.googleapis.com/v1/projects/syudai-netflix-clone:testIamPermissions {"permissions":["firebase.projects.get","firebasehosting.sites.update"]}
[debug] [2022-08-01T15:45:42.259Z] <<< [apiv2][status] POST https://cloudresourcemanager.googleapis.com/v1/projects/syudai-netflix-clone:testIamPermissions 200
[debug] [2022-08-01T15:45:42.259Z] <<< [apiv2][body] POST https://cloudresourcemanager.googleapis.com/v1/projects/syudai-netflix-clone:testIamPermissions {"permissions":["firebase.projects.get","firebasehosting.sites.update"]}
[debug] [2022-08-01T15:45:42.260Z] >>> [apiv2][query] GET https://firebase.googleapis.com/v1beta1/projects/syudai-netflix-clone [none]
[debug] [2022-08-01T15:45:42.589Z] <<< [apiv2][status] GET https://firebase.googleapis.com/v1beta1/projects/syudai-netflix-clone 200
[debug] [2022-08-01T15:45:42.590Z] <<< [apiv2][body] GET https://firebase.googleapis.com/v1beta1/projects/syudai-netflix-clone {"projectId":"syudai-netflix-clone","projectNumber":"896408120998","displayName":"syudai-netflix-clone","name":"projects/syudai-netflix-clone","resources":{"hostingSite":"syudai-netflix-clone"},"state":"ACTIVE","etag":"1_7f5e50a6-9627-4d9c-b084-f93d539f8eae"}
[info] 
[info] === Deploying to 'syudai-netflix-clone'...
[info] 
[info] i  deploying hosting 
[debug] [2022-08-01T15:45:42.593Z] >>> [apiv2][query] GET https://firebase.googleapis.com/v1beta1/projects/syudai-netflix-clone [none]
[debug] [2022-08-01T15:45:42.915Z] <<< [apiv2][status] GET https://firebase.googleapis.com/v1beta1/projects/syudai-netflix-clone 200
[debug] [2022-08-01T15:45:42.916Z] <<< [apiv2][body] GET https://firebase.googleapis.com/v1beta1/projects/syudai-netflix-clone {"projectId":"syudai-netflix-clone","projectNumber":"896408120998","displayName":"syudai-netflix-clone","name":"projects/syudai-netflix-clone","resources":{"hostingSite":"syudai-netflix-clone"},"state":"ACTIVE","etag":"1_7f5e50a6-9627-4d9c-b084-f93d539f8eae"}
[debug] [2022-08-01T15:45:42.919Z] >>> [apiv2][query] POST https://firebasehosting.googleapis.com/v1beta1/projects/896408120998/sites/syudai-netflix-clone/versions [none]
[debug] [2022-08-01T15:45:42.919Z] >>> [apiv2][body] POST https://firebasehosting.googleapis.com/v1beta1/projects/896408120998/sites/syudai-netflix-clone/versions {"config":{"rewrites":[{"glob":"**","path":"/index.html"}]},"labels":{"deployment-tool":"cli-firebase"}}
[debug] [2022-08-01T15:45:44.215Z] <<< [apiv2][status] POST https://firebasehosting.googleapis.com/v1beta1/projects/896408120998/sites/syudai-netflix-clone/versions 200
[debug] [2022-08-01T15:45:44.215Z] <<< [apiv2][body] POST https://firebasehosting.googleapis.com/v1beta1/projects/896408120998/sites/syudai-netflix-clone/versions {"name":"projects/896408120998/sites/syudai-netflix-clone/versions/366bc415a986f373","status":"CREATED","config":{"rewrites":[{"glob":"**","path":"/index.html"}]},"labels":{"deployment-tool":"cli-firebase"}}
[info] i  hosting[syudai-netflix-clone]: beginning deploy... 
[info] i  hosting[syudai-netflix-clone]: found 14 files in build 
[debug] [2022-08-01T15:45:44.226Z] [hosting] uploading with 200 concurrency
[debug] [2022-08-01T15:45:44.227Z] [hosting] hash cache [YnVpbGQ] not populated
[debug] [2022-08-01T15:45:44.400Z] [hosting] hash cache [YnVpbGQ] stored for 14 files
[debug] [2022-08-01T15:45:44.400Z] [hosting][hash queue][FINAL] {"max":168,"min":13,"avg":26.214285714285715,"active":0,"complete":14,"success":14,"errored":0,"retried":0,"total":14,"elapsed":173}
[debug] [2022-08-01T15:45:44.401Z] >>> [apiv2][query] POST https://firebasehosting.googleapis.com/v1beta1/projects/896408120998/sites/syudai-netflix-clone/versions/366bc415a986f373:populateFiles [none]
[debug] [2022-08-01T15:45:44.401Z] >>> [apiv2][body] POST https://firebasehosting.googleapis.com/v1beta1/projects/896408120998/sites/syudai-netflix-clone/versions/366bc415a986f373:populateFiles {"files":{"/favicon.ico":"b72f7455f00e4e58792d2bca892abb068e2213838c0316d6b7a0d6d16acd1955","/asset-manifest.json":"71cd46e7e3765dcdeba20f308cc8f8c773db786d1090b843584c66736d44d982","/index.html":"c9ec2d4941d801242f3799e73fac374a0aab4ce29e3db8a777712c520f1dc636","/logo192.png":"caff018b7f1e8fd481eb1c50d75b0ef236bcd5078b1d15c8bb348453fee30293","/manifest.json":"341d52628782f8ac9290bbfc43298afccb47b7cbfcee146ae30cf0f46bc30900","/robots.txt":"391d14b3c2f8c9143a27a28c7399585142228d4d1bdbe2c87ac946de411fa9a2","/static/css/main.00e862a3.css":"9d5da0cbeb343aa3c54f0a07c28ddbcc65ba6be8cf558083cbda555595bc3ed3","/static/css/main.00e862a3.css.map":"4cd63f30d13e87ac962f156613ecbc49ffab96ce89cc25d0768909332324fb38","/static/js/main.90c7f90b.js.LICENSE.txt":"bcacc4fd1616adb010951d8a5331e86eaa7ea52ab3a087fc9a5e95445ce906fa","/static/js/787.440c4889.chunk.js":"d9ac205a53bf901691561e4817face381c53baebd4171f8672f76c0ab97f5f4e","/static/js/787.440c4889.chunk.js.map":"12abc9a0018305b4f787c495adf01ea56aaee1f5d6ea34e726e2027bfd0928fb","/logo512.png":"191fc21360b4ccfb1cda11a1efb97f489ed22672ca83f4064316802bbfdd750e","/static/js/main.90c7f90b.js":"902d64c6bdc6058835c47a49bdd1913d9cb3561056520cc92d21b78ccdfc4253","/static/js/main.90c7f90b.js.map":"dbf77d707b005b15583cd11bef891dd26990e3860d980c2d05f8b4115365638c"}}
[debug] [2022-08-01T15:45:45.545Z] <<< [apiv2][status] POST https://firebasehosting.googleapis.com/v1beta1/projects/896408120998/sites/syudai-netflix-clone/versions/366bc415a986f373:populateFiles 200
[debug] [2022-08-01T15:45:45.545Z] <<< [apiv2][body] POST https://firebasehosting.googleapis.com/v1beta1/projects/896408120998/sites/syudai-netflix-clone/versions/366bc415a986f373:populateFiles {"uploadRequiredHashes":["12abc9a0018305b4f787c495adf01ea56aaee1f5d6ea34e726e2027bfd0928fb","c9ec2d4941d801242f3799e73fac374a0aab4ce29e3db8a777712c520f1dc636","dbf77d707b005b15583cd11bef891dd26990e3860d980c2d05f8b4115365638c","bcacc4fd1616adb010951d8a5331e86eaa7ea52ab3a087fc9a5e95445ce906fa","71cd46e7e3765dcdeba20f308cc8f8c773db786d1090b843584c66736d44d982","902d64c6bdc6058835c47a49bdd1913d9cb3561056520cc92d21b78ccdfc4253","4cd63f30d13e87ac962f156613ecbc49ffab96ce89cc25d0768909332324fb38","d9ac205a53bf901691561e4817face381c53baebd4171f8672f76c0ab97f5f4e","9d5da0cbeb343aa3c54f0a07c28ddbcc65ba6be8cf558083cbda555595bc3ed3"],"uploadUrl":"https://upload-firebasehosting.googleapis.com/upload/sites/syudai-netflix-clone/versions/366bc415a986f373/files"}
[debug] [2022-08-01T15:45:45.548Z] >>> [apiv2][query] POST https://upload-firebasehosting.googleapis.com/upload/sites/syudai-netflix-clone/versions/366bc415a986f373/files/12abc9a0018305b4f787c495adf01ea56aaee1f5d6ea34e726e2027bfd0928fb [none]
[debug] [2022-08-01T15:45:45.549Z] >>> [apiv2][body] POST https://upload-firebasehosting.googleapis.com/upload/sites/syudai-netflix-clone/versions/366bc415a986f373/files/12abc9a0018305b4f787c495adf01ea56aaee1f5d6ea34e726e2027bfd0928fb [stream]
[debug] [2022-08-01T15:45:45.550Z] >>> [apiv2][query] POST https://upload-firebasehosting.googleapis.com/upload/sites/syudai-netflix-clone/versions/366bc415a986f373/files/c9ec2d4941d801242f3799e73fac374a0aab4ce29e3db8a777712c520f1dc636 [none]
[debug] [2022-08-01T15:45:45.550Z] >>> [apiv2][body] POST https://upload-firebasehosting.googleapis.com/upload/sites/syudai-netflix-clone/versions/366bc415a986f373/files/c9ec2d4941d801242f3799e73fac374a0aab4ce29e3db8a777712c520f1dc636 [stream]
[debug] [2022-08-01T15:45:45.551Z] >>> [apiv2][query] POST https://upload-firebasehosting.googleapis.com/upload/sites/syudai-netflix-clone/versions/366bc415a986f373/files/dbf77d707b005b15583cd11bef891dd26990e3860d980c2d05f8b4115365638c [none]
[debug] [2022-08-01T15:45:45.551Z] >>> [apiv2][body] POST https://upload-firebasehosting.googleapis.com/upload/sites/syudai-netflix-clone/versions/366bc415a986f373/files/dbf77d707b005b15583cd11bef891dd26990e3860d980c2d05f8b4115365638c [stream]
[debug] [2022-08-01T15:45:45.552Z] >>> [apiv2][query] POST https://upload-firebasehosting.googleapis.com/upload/sites/syudai-netflix-clone/versions/366bc415a986f373/files/bcacc4fd1616adb010951d8a5331e86eaa7ea52ab3a087fc9a5e95445ce906fa [none]
[debug] [2022-08-01T15:45:45.552Z] >>> [apiv2][body] POST https://upload-firebasehosting.googleapis.com/upload/sites/syudai-netflix-clone/versions/366bc415a986f373/files/bcacc4fd1616adb010951d8a5331e86eaa7ea52ab3a087fc9a5e95445ce906fa [stream]
[debug] [2022-08-01T15:45:45.554Z] >>> [apiv2][query] POST https://upload-firebasehosting.googleapis.com/upload/sites/syudai-netflix-clone/versions/366bc415a986f373/files/71cd46e7e3765dcdeba20f308cc8f8c773db786d1090b843584c66736d44d982 [none]
[debug] [2022-08-01T15:45:45.554Z] >>> [apiv2][body] POST https://upload-firebasehosting.googleapis.com/upload/sites/syudai-netflix-clone/versions/366bc415a986f373/files/71cd46e7e3765dcdeba20f308cc8f8c773db786d1090b843584c66736d44d982 [stream]
[debug] [2022-08-01T15:45:45.555Z] >>> [apiv2][query] POST https://upload-firebasehosting.googleapis.com/upload/sites/syudai-netflix-clone/versions/366bc415a986f373/files/902d64c6bdc6058835c47a49bdd1913d9cb3561056520cc92d21b78ccdfc4253 [none]
[debug] [2022-08-01T15:45:45.555Z] >>> [apiv2][body] POST https://upload-firebasehosting.googleapis.com/upload/sites/syudai-netflix-clone/versions/366bc415a986f373/files/902d64c6bdc6058835c47a49bdd1913d9cb3561056520cc92d21b78ccdfc4253 [stream]
[debug] [2022-08-01T15:45:45.559Z] >>> [apiv2][query] POST https://upload-firebasehosting.googleapis.com/upload/sites/syudai-netflix-clone/versions/366bc415a986f373/files/4cd63f30d13e87ac962f156613ecbc49ffab96ce89cc25d0768909332324fb38 [none]
[debug] [2022-08-01T15:45:45.559Z] >>> [apiv2][body] POST https://upload-firebasehosting.googleapis.com/upload/sites/syudai-netflix-clone/versions/366bc415a986f373/files/4cd63f30d13e87ac962f156613ecbc49ffab96ce89cc25d0768909332324fb38 [stream]
[debug] [2022-08-01T15:45:45.561Z] >>> [apiv2][query] POST https://upload-firebasehosting.googleapis.com/upload/sites/syudai-netflix-clone/versions/366bc415a986f373/files/d9ac205a53bf901691561e4817face381c53baebd4171f8672f76c0ab97f5f4e [none]
[debug] [2022-08-01T15:45:45.561Z] >>> [apiv2][body] POST https://upload-firebasehosting.googleapis.com/upload/sites/syudai-netflix-clone/versions/366bc415a986f373/files/d9ac205a53bf901691561e4817face381c53baebd4171f8672f76c0ab97f5f4e [stream]
[debug] [2022-08-01T15:45:45.562Z] >>> [apiv2][query] POST https://upload-firebasehosting.googleapis.com/upload/sites/syudai-netflix-clone/versions/366bc415a986f373/files/9d5da0cbeb343aa3c54f0a07c28ddbcc65ba6be8cf558083cbda555595bc3ed3 [none]
[debug] [2022-08-01T15:45:45.562Z] >>> [apiv2][body] POST https://upload-firebasehosting.googleapis.com/upload/sites/syudai-netflix-clone/versions/366bc415a986f373/files/9d5da0cbeb343aa3c54f0a07c28ddbcc65ba6be8cf558083cbda555595bc3ed3 [stream]
[debug] [2022-08-01T15:45:45.563Z] [hosting][populate queue][FINAL] {"max":1149,"min":1149,"avg":1149,"active":0,"complete":1,"success":1,"errored":0,"retried":0,"total":1,"elapsed":1164}
[debug] [2022-08-01T15:45:45.563Z] [hosting] uploads queued: 9
[debug] [2022-08-01T15:45:46.890Z] <<< [apiv2][status] POST https://upload-firebasehosting.googleapis.com/upload/sites/syudai-netflix-clone/versions/366bc415a986f373/files/12abc9a0018305b4f787c495adf01ea56aaee1f5d6ea34e726e2027bfd0928fb 200
[debug] [2022-08-01T15:45:46.890Z] <<< [apiv2][body] POST https://upload-firebasehosting.googleapis.com/upload/sites/syudai-netflix-clone/versions/366bc415a986f373/files/12abc9a0018305b4f787c495adf01ea56aaee1f5d6ea34e726e2027bfd0928fb [stream]
